{
  "RSpec": {
    "coverage": {
      "/Users/phil/workspace/com1001/com1001-examples/football_players/app.rb": {
        "lines": [
          null,
          1,
          1,
          null,
          null,
          1,
          4,
          null,
          4,
          2,
          2,
          2,
          null,
          null,
          null,
          null,
          1,
          1,
          1,
          1
        ]
      },
      "/Users/phil/workspace/com1001/com1001-examples/football_players/controllers/add.rb": {
        "lines": [
          1,
          7,
          7,
          null,
          null,
          1,
          9,
          9,
          null,
          9,
          8,
          8,
          null,
          null,
          1,
          null
        ]
      },
      "/Users/phil/workspace/com1001/com1001-examples/football_players/controllers/delete.rb": {
        "lines": [
          1,
          4,
          null,
          4,
          3,
          3,
          3,
          null,
          null,
          1,
          null
        ]
      },
      "/Users/phil/workspace/com1001/com1001-examples/football_players/controllers/edit.rb": {
        "lines": [
          1,
          4,
          4,
          4,
          null,
          null,
          1,
          5,
          null,
          5,
          5,
          5,
          null,
          5,
          3,
          3,
          null,
          null,
          null,
          2,
          null
        ]
      },
      "/Users/phil/workspace/com1001/com1001-examples/football_players/controllers/search.rb": {
        "lines": [
          1,
          14,
          null,
          14,
          11,
          null,
          3,
          null,
          14,
          null
        ]
      },
      "/Users/phil/workspace/com1001/com1001-examples/football_players/helpers/helpers.rb": {
        "lines": [
          1,
          null,
          null,
          null,
          1,
          null,
          1,
          null,
          null,
          1,
          null,
          null,
          null,
          null
        ]
      },
      "/Users/phil/workspace/com1001/com1001-examples/football_players/helpers/validation.rb": {
        "lines": [
          null,
          1,
          1,
          1,
          null,
          1,
          null,
          null,
          1,
          15,
          null,
          15,
          null,
          null,
          1,
          46,
          null,
          43,
          null,
          null,
          1,
          4,
          null,
          4,
          null,
          null,
          1,
          3,
          null,
          3,
          null,
          null,
          1,
          2,
          null,
          2,
          2,
          null,
          null,
          1,
          44,
          null,
          44,
          null,
          44,
          null,
          7,
          null,
          null
        ]
      },
      "/Users/phil/workspace/com1001/com1001-examples/football_players/db/db.rb": {
        "lines": [
          1,
          1,
          null,
          null,
          1,
          1,
          null,
          null,
          1,
          1,
          null,
          null,
          1,
          1,
          1,
          1,
          null,
          0,
          null
        ]
      },
      "/Users/phil/workspace/com1001/com1001-examples/football_players/models/player.rb": {
        "lines": [
          1,
          null,
          null,
          1,
          1,
          1,
          null,
          1,
          12,
          null,
          null,
          1,
          12,
          12,
          null,
          null,
          null,
          null,
          1,
          13,
          12,
          12,
          null,
          11,
          null,
          null,
          1,
          14,
          14,
          14,
          14,
          14,
          14,
          14,
          null,
          null,
          1,
          36,
          36,
          36,
          36,
          36,
          36,
          36,
          36,
          36,
          null,
          3,
          null,
          null
        ]
      }
    },
    "timestamp": 1737369255
  }
}
